<?xml version="1.0" encoding="UTF-8"?>
<!-- Generated by org.testng.reporters.JUnitReportReporter -->
<testsuite hostname="Dell-PC" failures="0" tests="1" name="com.jenkins.samples.JenkinDemo" time="17.453" errors="0" timestamp="24 May 2018 07:23:38 GMT">
  <testcase classname="com.jenkins.samples.JenkinDemo" name="testSample" time="17.453"/>
</testsuite> <!-- com.jenkins.samples.JenkinDemo -->
